# JRE version: OpenJDK Runtime Environment (8.0_242-b01) (build 1.8.0_242-release-1644-b01)
# Java VM: OpenJDK 64-Bit Server VM (25.242-b01 mixed mode windows-amd64 compressed oops)
Heap:
 PSYoungGen      total 76288K, used 39640K [0x00000000d5580000, 0x00000000dea80000, 0x0000000100000000)
  eden space 65536K, 60% used [0x00000000d5580000,0x00000000d7c361a0,0x00000000d9580000)
  from space 10752K, 0% used [0x00000000da000000,0x00000000da000000,0x00000000daa80000)
  to   space 10752K, 0% used [0x00000000d9580000,0x00000000d9580000,0x00000000da000000)
 ParOldGen       total 103424K, used 7079K [0x0000000080000000, 0x0000000086500000, 0x00000000d5580000)
  object space 103424K, 6% used [0x0000000080000000,0x00000000806e9d48,0x0000000086500000)
 Metaspace       used 23453K, capacity 24216K, committed 24368K, reserved 1071104K
  class space    used 3321K, capacity 3544K, committed 3632K, reserved 1048576K
GC Heap History (10 events):
Event: 4.072 GC heap before
{Heap before GC invocations=1 (full 0):
 PSYoungGen      total 76288K, used 65536K [0x00000000d5580000, 0x00000000daa80000, 0x0000000100000000)
  eden space 65536K, 100% used [0x00000000d5580000,0x00000000d9580000,0x00000000d9580000)
  from space 10752K, 0% used [0x00000000da000000,0x00000000da000000,0x00000000daa80000)
  to   space 10752K, 0% used [0x00000000d9580000,0x00000000d9580000,0x00000000da000000)
 ParOldGen       total 175104K, used 0K [0x0000000080000000, 0x000000008ab00000, 0x00000000d5580000)
  object space 175104K, 0% used [0x0000000080000000,0x0000000080000000,0x000000008ab00000)
 Metaspace       used 7437K, capacity 7652K, committed 7936K, reserved 1056768K
  class space    used 907K, capacity 975K, committed 1024K, reserved 1048576K
Event: 4.087 GC heap after
Heap after GC invocations=1 (full 0):
 PSYoungGen      total 76288K, used 5584K [0x00000000d5580000, 0x00000000daa80000, 0x0000000100000000)
  eden space 65536K, 0% used [0x00000000d5580000,0x00000000d5580000,0x00000000d9580000)
  from space 10752K, 51% used [0x00000000d9580000,0x00000000d9af4230,0x00000000da000000)
  to   space 10752K, 0% used [0x00000000da000000,0x00000000da000000,0x00000000daa80000)
 ParOldGen       total 175104K, used 8K [0x0000000080000000, 0x000000008ab00000, 0x00000000d5580000)
  object space 175104K, 0% used [0x0000000080000000,0x0000000080002000,0x000000008ab00000)
 Metaspace       used 7437K, capacity 7652K, committed 7936K, reserved 1056768K
  class space    used 907K, capacity 975K, committed 1024K, reserved 1048576K
}
Event: 9.370 GC heap before
{Heap before GC invocations=2 (full 0):
 PSYoungGen      total 76288K, used 71120K [0x00000000d5580000, 0x00000000daa80000, 0x0000000100000000)
  eden space 65536K, 100% used [0x00000000d5580000,0x00000000d9580000,0x00000000d9580000)
  from space 10752K, 51% used [0x00000000d9580000,0x00000000d9af4230,0x00000000da000000)
  to   space 10752K, 0% used [0x00000000da000000,0x00000000da000000,0x00000000daa80000)
 ParOldGen       total 175104K, used 8K [0x0000000080000000, 0x000000008ab00000, 0x00000000d5580000)
  object space 175104K, 0% used [0x0000000080000000,0x0000000080002000,0x000000008ab00000)
 Metaspace       used 14344K, capacity 14768K, committed 14976K, reserved 1062912K
  class space    used 1962K, capacity 2088K, committed 2176K, reserved 1048576K
Event: 9.396 GC heap after
Heap after GC invocations=2 (full 0):
 PSYoungGen      total 76288K, used 9024K [0x00000000d5580000, 0x00000000daa80000, 0x0000000100000000)
  eden space 65536K, 0% used [0x00000000d5580000,0x00000000d5580000,0x00000000d9580000)
  from space 10752K, 83% used [0x00000000da000000,0x00000000da8d0178,0x00000000daa80000)
  to   space 10752K, 0% used [0x00000000d9580000,0x00000000d9580000,0x00000000da000000)
 ParOldGen       total 175104K, used 16K [0x0000000080000000, 0x000000008ab00000, 0x00000000d5580000)
  object space 175104K, 0% used [0x0000000080000000,0x0000000080004000,0x000000008ab00000)
 Metaspace       used 14344K, capacity 14768K, committed 14976K, reserved 1062912K
  class space    used 1962K, capacity 2088K, committed 2176K, reserved 1048576K
}
Event: 12.947 GC heap before
{Heap before GC invocations=3 (full 0):
 PSYoungGen      total 76288K, used 74560K [0x00000000d5580000, 0x00000000daa80000, 0x0000000100000000)
  eden space 65536K, 100% used [0x00000000d5580000,0x00000000d9580000,0x00000000d9580000)
  from space 10752K, 83% used [0x00000000da000000,0x00000000da8d0178,0x00000000daa80000)
  to   space 10752K, 0% used [0x00000000d9580000,0x00000000d9580000,0x00000000da000000)
 ParOldGen       total 175104K, used 16K [0x0000000080000000, 0x000000008ab00000, 0x00000000d5580000)
  object space 175104K, 0% used [0x0000000080000000,0x0000000080004000,0x000000008ab00000)
 Metaspace       used 20131K, capacity 20802K, committed 20992K, reserved 1067008K
  class space    used 2796K, capacity 2979K, committed 3072K, reserved 1048576K
Event: 12.976 GC heap after
Heap after GC invocations=3 (full 0):
 PSYoungGen      total 76288K, used 10722K [0x00000000d5580000, 0x00000000daa80000, 0x0000000100000000)
  eden space 65536K, 0% used [0x00000000d5580000,0x00000000d5580000,0x00000000d9580000)
  from space 10752K, 99% used [0x00000000d9580000,0x00000000d9ff88b0,0x00000000da000000)
  to   space 10752K, 0% used [0x00000000da000000,0x00000000da000000,0x00000000daa80000)
 ParOldGen       total 175104K, used 842K [0x0000000080000000, 0x000000008ab00000, 0x00000000d5580000)
  object space 175104K, 0% used [0x0000000080000000,0x00000000800d2b38,0x000000008ab00000)
 Metaspace       used 20131K, capacity 20802K, committed 20992K, reserved 1067008K
  class space    used 2796K, capacity 2979K, committed 3072K, reserved 1048576K
}
Event: 13.382 GC heap before
{Heap before GC invocations=4 (full 0):
 PSYoungGen      total 76288K, used 20152K [0x00000000d5580000, 0x00000000daa80000, 0x0000000100000000)
  eden space 65536K, 14% used [0x00000000d5580000,0x00000000d5eb5ad8,0x00000000d9580000)
  from space 10752K, 99% used [0x00000000d9580000,0x00000000d9ff88b0,0x00000000da000000)
  to   space 10752K, 0% used [0x00000000da000000,0x00000000da000000,0x00000000daa80000)
 ParOldGen       total 175104K, used 842K [0x0000000080000000, 0x000000008ab00000, 0x00000000d5580000)
  object space 175104K, 0% used [0x0000000080000000,0x00000000800d2b38,0x000000008ab00000)
 Metaspace       used 20619K, capacity 21224K, committed 21296K, reserved 1067008K
  class space    used 2872K, capacity 3076K, committed 3120K, reserved 1048576K
Event: 13.425 GC heap after
Heap after GC invocations=4 (full 0):
 PSYoungGen      total 76288K, used 7184K [0x00000000d5580000, 0x00000000dea80000, 0x0000000100000000)
  eden space 65536K, 0% used [0x00000000d5580000,0x00000000d5580000,0x00000000d9580000)
  from space 10752K, 66% used [0x00000000da000000,0x00000000da7043f0,0x00000000daa80000)
  to   space 10752K, 0% used [0x00000000d9580000,0x00000000d9580000,0x00000000da000000)
 ParOldGen       total 175104K, used 850K [0x0000000080000000, 0x000000008ab00000, 0x00000000d5580000)
  object space 175104K, 0% used [0x0000000080000000,0x00000000800d4b38,0x000000008ab00000)
 Metaspace       used 20619K, capacity 21224K, committed 21296K, reserved 1067008K
  class space    used 2872K, capacity 3076K, committed 3120K, reserved 1048576K
}
Event: 13.425 GC heap before
{Heap before GC invocations=5 (full 1):
 PSYoungGen      total 76288K, used 7184K [0x00000000d5580000, 0x00000000dea80000, 0x0000000100000000)
  eden space 65536K, 0% used [0x00000000d5580000,0x00000000d5580000,0x00000000d9580000)
  from space 10752K, 66% used [0x00000000da000000,0x00000000da7043f0,0x00000000daa80000)
  to   space 10752K, 0% used [0x00000000d9580000,0x00000000d9580000,0x00000000da000000)
 ParOldGen       total 175104K, used 850K [0x0000000080000000, 0x000000008ab00000, 0x00000000d5580000)
  object space 175104K, 0% used [0x0000000080000000,0x00000000800d4b38,0x000000008ab00000)
 Metaspace       used 20619K, capacity 21224K, committed 21296K, reserved 1067008K
  class space    used 2872K, capacity 3076K, committed 3120K, reserved 1048576K
Event: 13.577 GC heap after
Heap after GC invocations=5 (full 1):
 PSYoungGen      total 76288K, used 0K [0x00000000d5580000, 0x00000000dea80000, 0x0000000100000000)
  eden space 65536K, 0% used [0x00000000d5580000,0x00000000d5580000,0x00000000d9580000)
  from space 10752K, 0% used [0x00000000da000000,0x00000000da000000,0x00000000daa80000)
  to   space 10752K, 0% used [0x00000000d9580000,0x00000000d9580000,0x00000000da000000)
 ParOldGen       total 103424K, used 7079K [0x0000000080000000, 0x0000000086500000, 0x00000000d5580000)
  object space 103424K, 6% used [0x0000000080000000,0x00000000806e9d48,0x0000000086500000)
 Metaspace       used 20619K, capacity 21224K, committed 21296K, reserved 1067008K
  class space    used 2872K, capacity 3076K, committed 3120K, reserved 1048576K
}

